<?xml version="1.0" encoding="UTF-8"?>
<testng-results skipped="0" failed="0" ignored="0" total="1" passed="1">
  <reporter-output>
    <line>
      <![CDATA[Default testTest Started]]>
    </line>
    <line>
      <![CDATA[login pageis Displayed ]]>
    </line>
    <line>
      <![CDATA[createusertestTest Started]]>
    </line>
    <line>
      <![CDATA[ open task page is Displayed ]]>
    </line>
    <line>
      <![CDATA[user list pageis Displayed ]]>
    </line>
    <line>
      <![CDATA[add new user pageis Displayed ]]>
    </line>
    <line>
      <![CDATA[user is created, Success message is Displayed]]>
    </line>
    <line>
      <![CDATA[createusertestTest Success]]>
    </line>
  </reporter-output>
  <suite name="Default suite" duration-ms="26466" started-at="2021-02-24T14:47:11Z" finished-at="2021-02-24T14:47:38Z">
    <groups>
    </groups>
    <test name="Default test" duration-ms="26466" started-at="2021-02-24T14:47:11Z" finished-at="2021-02-24T14:47:38Z">
      <class name="com.actitime.users.createuser">
        <test-method status="PASS" signature="OpenBrowser()[pri:0, instance:com.actitime.users.createuser@76b0bfab]" name="OpenBrowser" is-config="true" duration-ms="14681" started-at="2021-02-24T14:47:11Z" finished-at="2021-02-24T14:47:26Z">
          <reporter-output>
            <line>
              <![CDATA[login pageis Displayed ]]>
            </line>
          </reporter-output>
        </test-method> <!-- OpenBrowser -->
        <test-method status="PASS" signature="createusertest()[pri:0, instance:com.actitime.users.createuser@76b0bfab]" name="createusertest" duration-ms="11713" started-at="2021-02-24T14:47:26Z" finished-at="2021-02-24T14:47:38Z">
          <reporter-output>
            <line>
              <![CDATA[createusertestTest Started]]>
            </line>
            <line>
              <![CDATA[ open task page is Displayed ]]>
            </line>
            <line>
              <![CDATA[user list pageis Displayed ]]>
            </line>
            <line>
              <![CDATA[add new user pageis Displayed ]]>
            </line>
            <line>
              <![CDATA[user is created, Success message is Displayed]]>
            </line>
            <line>
              <![CDATA[createusertestTest Success]]>
            </line>
          </reporter-output>
        </test-method> <!-- createusertest -->
      </class> <!-- com.actitime.users.createuser -->
    </test> <!-- Default test -->
  </suite> <!-- Default suite -->
</testng-results>
